[debug] [2025-01-23T11:18:30.146Z] ----------------------------------------------------------------------
[debug] [2025-01-23T11:18:30.152Z] Command:       /home/pintone/.nvm/versions/node/v22.12.0/bin/node /home/pintone/.nvm/versions/node/v22.12.0/bin/firebase init
[debug] [2025-01-23T11:18:30.153Z] CLI Version:   13.29.2
[debug] [2025-01-23T11:18:30.153Z] Platform:      linux
[debug] [2025-01-23T11:18:30.154Z] Node Version:  v22.12.0
[debug] [2025-01-23T11:18:30.155Z] Time:          Thu Jan 23 2025 14:18:30 GMT+0300 (East Africa Time)
[debug] [2025-01-23T11:18:30.155Z] ----------------------------------------------------------------------
[debug] 
[debug] [2025-01-23T11:18:30.170Z] > command requires scopes: ["email","openid","https://www.googleapis.com/auth/cloudplatformprojects.readonly","https://www.googleapis.com/auth/firebase","https://www.googleapis.com/auth/cloud-platform"]
[debug] [2025-01-23T11:18:30.171Z] > authorizing via signed-in user (pintoneokelo18@gmail.com)
[info] 
     ######## #### ########  ######## ########     ###     ######  ########
     ##        ##  ##     ## ##       ##     ##  ##   ##  ##       ##
     ######    ##  ########  ######   ########  #########  ######  ######
     ##        ##  ##    ##  ##       ##     ## ##     ##       ## ##
     ##       #### ##     ## ######## ########  ##     ##  ######  ########

You're about to initialize a Firebase project in this directory:

  /home/pintone/mydocs/Youtube clone

[info] 
=== Project Setup
[info] 
[info] First, let's associate this project directory with a Firebase project.
[info] You can create multiple project aliases by running firebase use --add, 
[info] but for now we'll just set up a default project.
[info] 
[debug] [2025-01-23T11:19:33.474Z] Checked if tokens are valid: true, expires at: 1737633684268
[debug] [2025-01-23T11:19:33.475Z] Checked if tokens are valid: true, expires at: 1737633684268
[debug] [2025-01-23T11:19:33.483Z] >>> [apiv2][query] GET https://firebase.googleapis.com/v1beta1/projects pageSize=100
[debug] [2025-01-23T11:19:34.919Z] <<< [apiv2][status] GET https://firebase.googleapis.com/v1beta1/projects 200
[debug] [2025-01-23T11:19:34.920Z] <<< [apiv2][body] GET https://firebase.googleapis.com/v1beta1/projects [omitted]
[info] i  Using project movie-web-fad2c (Movie web) 
[info] 
=== Dataconnect Setup
[debug] [2025-01-23T11:19:39.485Z] Checked if tokens are valid: true, expires at: 1737633684268
[debug] [2025-01-23T11:19:39.485Z] Checked if tokens are valid: true, expires at: 1737633684268
[debug] [2025-01-23T11:19:39.486Z] >>> [apiv2][query] GET https://cloudbilling.googleapis.com/v1/projects/movie-web-fad2c/billingInfo [none]
[debug] [2025-01-23T11:19:41.260Z] <<< [apiv2][status] GET https://cloudbilling.googleapis.com/v1/projects/movie-web-fad2c/billingInfo 200
[debug] [2025-01-23T11:19:41.261Z] <<< [apiv2][body] GET https://cloudbilling.googleapis.com/v1/projects/movie-web-fad2c/billingInfo {"name":"projects/movie-web-fad2c/billingInfo","projectId":"movie-web-fad2c","billingAccountName":"","billingEnabled":false}
[info] i  dataconnect: ensuring required API sqladmin.googleapis.com is enabled... 
[debug] [2025-01-23T11:19:41.265Z] Checked if tokens are valid: true, expires at: 1737633684268
[debug] [2025-01-23T11:19:41.266Z] Checked if tokens are valid: true, expires at: 1737633684268
[debug] [2025-01-23T11:19:41.266Z] >>> [apiv2][query] GET https://serviceusage.googleapis.com/v1/projects/movie-web-fad2c/services/sqladmin.googleapis.com [none]
[debug] [2025-01-23T11:19:41.267Z] >>> [apiv2][(partial)header] GET https://serviceusage.googleapis.com/v1/projects/movie-web-fad2c/services/sqladmin.googleapis.com x-goog-quota-user=projects/movie-web-fad2c
[debug] [2025-01-23T11:19:43.511Z] <<< [apiv2][status] GET https://serviceusage.googleapis.com/v1/projects/movie-web-fad2c/services/sqladmin.googleapis.com 200
[debug] [2025-01-23T11:19:43.512Z] <<< [apiv2][body] GET https://serviceusage.googleapis.com/v1/projects/movie-web-fad2c/services/sqladmin.googleapis.com [omitted]
[info] ✔  dataconnect: required API sqladmin.googleapis.com is enabled 
[info] i  dataconnect/dataconnect.yaml is unchanged 
[info] i  dataconnect/schema/schema.gql is unchanged 
[info] ✔  Wrote dataconnect/connector/connector.yaml 
[info] i  dataconnect/connector/queries.gql is unchanged 
[info] i  dataconnect/connector/mutations.gql is unchanged 
[info] ✔  Detected WEB app in directory /home/pintone/mydocs/Youtube clone 
[info] i  Wrote new config to /home/pintone/mydocs/Youtube clone/dataconnect/connector/connector.yaml 
[info] I0123 14:20:06.374154   27880 codegen.go:82] [connector "default" javascriptSdk] Generating sources into "/home/pintone/mydocs/Youtube clone/dataconnect-generated/js/default-connector"
I0123 14:20:06.381044   27880 generate.go:40] Generated all sources. Writing them to disk...
I0123 14:20:06.383299   27880 collector.go:107] connector "default" javascriptSdk wrote into "/home/pintone/mydocs/Youtube clone/dataconnect-generated/js/default-connector"
Generated sources: package.json [634B] README.md [2740B] index.d.ts [261B] esm/index.esm.js [171B] esm/package.json [17B] index.cjs.js [212B] 
I0123 14:20:06.390048   27880 installsdk.go:48] Package @firebasegen/default-connector is already installed. Skipping installation

[info] i  Generated SDK code for default 
[info] ✔  If you'd like to add more generated SDKs to your app your later, run firebase init dataconnect:sdk again 
[info] i  If you'd like to provision a CloudSQL Postgres instance on the Firebase Data Connect no-cost trial:
1. Please upgrade to the pay-as-you-go (Blaze) billing plan. Visit the following page:
     https://console.firebase.google.com/project/movie-web-fad2c/usage/details
2. Run firebase init dataconnect again to configure the Cloud SQL instance.
3. Run firebase deploy --only dataconnect to deploy your Data Connect service. 
[info] 
=== Firestore Setup
[debug] [2025-01-23T11:20:06.407Z] Checked if tokens are valid: true, expires at: 1737633684268
[debug] [2025-01-23T11:20:06.407Z] Checked if tokens are valid: true, expires at: 1737633684268
[debug] [2025-01-23T11:20:06.408Z] >>> [apiv2][query] GET https://serviceusage.googleapis.com/v1/projects/movie-web-fad2c/services/firestore.googleapis.com [none]
[debug] [2025-01-23T11:20:06.408Z] >>> [apiv2][(partial)header] GET https://serviceusage.googleapis.com/v1/projects/movie-web-fad2c/services/firestore.googleapis.com x-goog-quota-user=projects/movie-web-fad2c
[debug] [2025-01-23T11:20:08.386Z] <<< [apiv2][status] GET https://serviceusage.googleapis.com/v1/projects/movie-web-fad2c/services/firestore.googleapis.com 200
[debug] [2025-01-23T11:20:08.387Z] <<< [apiv2][body] GET https://serviceusage.googleapis.com/v1/projects/movie-web-fad2c/services/firestore.googleapis.com [omitted]
[debug] [2025-01-23T11:20:08.389Z] Checked if tokens are valid: true, expires at: 1737633684268
[debug] [2025-01-23T11:20:08.390Z] Checked if tokens are valid: true, expires at: 1737633684268
[debug] [2025-01-23T11:20:08.391Z] >>> [apiv2][query] GET https://firestore.googleapis.com/v1/projects/movie-web-fad2c/databases/(default) [none]
[debug] [2025-01-23T11:20:10.227Z] <<< [apiv2][status] GET https://firestore.googleapis.com/v1/projects/movie-web-fad2c/databases/(default) 200
[debug] [2025-01-23T11:20:10.228Z] <<< [apiv2][body] GET https://firestore.googleapis.com/v1/projects/movie-web-fad2c/databases/(default) {"name":"projects/movie-web-fad2c/databases/(default)","uid":"8c3868cc-3392-40ac-8585-c7cf5c1e90f5","createTime":"2025-01-23T11:05:46.564947Z","updateTime":"2025-01-23T11:05:46.564947Z","locationId":"us-east1","type":"FIRESTORE_NATIVE","concurrencyMode":"PESSIMISTIC","versionRetentionPeriod":"3600s","earliestVersionTime":"2025-01-23T11:05:46.564947Z","appEngineIntegrationMode":"DISABLED","keyPrefix":"p","pointInTimeRecoveryEnablement":"POINT_IN_TIME_RECOVERY_DISABLED","deleteProtectionState":"DELETE_PROTECTION_DISABLED","databaseEdition":"STANDARD","etag":"II2kltjci4sDMNOqu7zZi4sD"}
[debug] [2025-01-23T11:20:10.228Z] database_type: FIRESTORE_NATIVE
[debug] [2025-01-23T11:20:10.228Z] database_type: FIRESTORE_NATIVE
[debug] [2025-01-23T11:20:10.230Z] > command requires scopes: ["email","openid","https://www.googleapis.com/auth/cloudplatformprojects.readonly","https://www.googleapis.com/auth/firebase","https://www.googleapis.com/auth/cloud-platform"]
[debug] [2025-01-23T11:20:10.231Z] > authorizing via signed-in user (pintoneokelo18@gmail.com)
[debug] [2025-01-23T11:20:10.232Z] [iam] checking project movie-web-fad2c for permissions ["firebase.projects.get"]
[debug] [2025-01-23T11:20:10.234Z] Checked if tokens are valid: true, expires at: 1737633684268
[debug] [2025-01-23T11:20:10.234Z] Checked if tokens are valid: true, expires at: 1737633684268
[debug] [2025-01-23T11:20:10.235Z] >>> [apiv2][query] POST https://cloudresourcemanager.googleapis.com/v1/projects/movie-web-fad2c:testIamPermissions [none]
[debug] [2025-01-23T11:20:10.236Z] >>> [apiv2][(partial)header] POST https://cloudresourcemanager.googleapis.com/v1/projects/movie-web-fad2c:testIamPermissions x-goog-quota-user=projects/movie-web-fad2c
[debug] [2025-01-23T11:20:10.236Z] >>> [apiv2][body] POST https://cloudresourcemanager.googleapis.com/v1/projects/movie-web-fad2c:testIamPermissions {"permissions":["firebase.projects.get"]}
[debug] [2025-01-23T11:20:12.068Z] <<< [apiv2][status] POST https://cloudresourcemanager.googleapis.com/v1/projects/movie-web-fad2c:testIamPermissions 200
[debug] [2025-01-23T11:20:12.068Z] <<< [apiv2][body] POST https://cloudresourcemanager.googleapis.com/v1/projects/movie-web-fad2c:testIamPermissions {"permissions":["firebase.projects.get"]}
[info] 
[info] Firestore Security Rules allow you to define how and when to allow
[info] requests. You can keep these rules in your project directory
[info] and publish them with firebase deploy.
[info] 
[debug] [2025-01-23T11:20:26.068Z] Checked if tokens are valid: true, expires at: 1737633684268
[debug] [2025-01-23T11:20:26.068Z] Checked if tokens are valid: true, expires at: 1737633684268
[debug] [2025-01-23T11:20:26.070Z] >>> [apiv2][query] GET https://firebaserules.googleapis.com/v1/projects/movie-web-fad2c/releases pageSize=10&pageToken=
[debug] [2025-01-23T11:20:28.046Z] <<< [apiv2][status] GET https://firebaserules.googleapis.com/v1/projects/movie-web-fad2c/releases 200
[debug] [2025-01-23T11:20:28.046Z] <<< [apiv2][body] GET https://firebaserules.googleapis.com/v1/projects/movie-web-fad2c/releases {"releases":[{"name":"projects/movie-web-fad2c/releases/cloud.firestore","rulesetName":"projects/movie-web-fad2c/rulesets/e001b0b3-8b9f-47a1-bbe6-b038a3e6956d","createTime":"2025-01-23T11:05:55.691691Z","updateTime":"2025-01-23T11:05:55.691691Z"}]}
[debug] [2025-01-23T11:20:28.047Z] Found ruleset: projects/movie-web-fad2c/rulesets/e001b0b3-8b9f-47a1-bbe6-b038a3e6956d
[debug] [2025-01-23T11:20:28.048Z] Checked if tokens are valid: true, expires at: 1737633684268
[debug] [2025-01-23T11:20:28.049Z] Checked if tokens are valid: true, expires at: 1737633684268
[debug] [2025-01-23T11:20:28.049Z] >>> [apiv2][query] GET https://firebaserules.googleapis.com/v1/projects/movie-web-fad2c/rulesets/e001b0b3-8b9f-47a1-bbe6-b038a3e6956d [none]
[debug] [2025-01-23T11:20:28.963Z] <<< [apiv2][status] GET https://firebaserules.googleapis.com/v1/projects/movie-web-fad2c/rulesets/e001b0b3-8b9f-47a1-bbe6-b038a3e6956d 200
[debug] [2025-01-23T11:20:28.963Z] <<< [apiv2][body] GET https://firebaserules.googleapis.com/v1/projects/movie-web-fad2c/rulesets/e001b0b3-8b9f-47a1-bbe6-b038a3e6956d [omitted]
[info] 
[info] Firestore indexes allow you to perform complex queries while
[info] maintaining performance that scales with the size of the result
[info] set. You can keep index definitions in your project directory
[info] and publish them with firebase deploy.
[info] 
[debug] [2025-01-23T11:20:37.749Z] Checked if tokens are valid: true, expires at: 1737633684268
[debug] [2025-01-23T11:20:37.749Z] Checked if tokens are valid: true, expires at: 1737633684268
[debug] [2025-01-23T11:20:37.750Z] Checked if tokens are valid: true, expires at: 1737633684268
[debug] [2025-01-23T11:20:37.751Z] Checked if tokens are valid: true, expires at: 1737633684268
[debug] [2025-01-23T11:20:37.752Z] >>> [apiv2][query] GET https://firestore.googleapis.com/v1/projects/movie-web-fad2c/databases/(default)/collectionGroups/-/indexes [none]
[debug] [2025-01-23T11:20:37.765Z] >>> [apiv2][query] GET https://firestore.googleapis.com/v1/projects/movie-web-fad2c/databases/(default)/collectionGroups/-/fields?filter=indexConfig.usesAncestorConfig=false OR ttlConfig:* [none]
[debug] [2025-01-23T11:20:40.034Z] <<< [apiv2][status] GET https://firestore.googleapis.com/v1/projects/movie-web-fad2c/databases/(default)/collectionGroups/-/fields?filter=indexConfig.usesAncestorConfig=false OR ttlConfig:* 200
[debug] [2025-01-23T11:20:40.035Z] <<< [apiv2][body] GET https://firestore.googleapis.com/v1/projects/movie-web-fad2c/databases/(default)/collectionGroups/-/fields?filter=indexConfig.usesAncestorConfig=false OR ttlConfig:* {"fields":[{"name":"projects/movie-web-fad2c/databases/(default)/collectionGroups/__default__/fields/*","indexConfig":{"indexes":[{"queryScope":"COLLECTION","fields":[{"fieldPath":"*","order":"ASCENDING"}],"state":"READY"},{"queryScope":"COLLECTION","fields":[{"fieldPath":"*","order":"DESCENDING"}],"state":"READY"},{"queryScope":"COLLECTION","fields":[{"fieldPath":"*","arrayConfig":"CONTAINS"}],"state":"READY"}]}}]}
[debug] [2025-01-23T11:20:40.039Z] <<< [apiv2][status] GET https://firestore.googleapis.com/v1/projects/movie-web-fad2c/databases/(default)/collectionGroups/-/indexes 200
[debug] [2025-01-23T11:20:40.039Z] <<< [apiv2][body] GET https://firestore.googleapis.com/v1/projects/movie-web-fad2c/databases/(default)/collectionGroups/-/indexes {}
[info] 
=== Functions Setup
[debug] [2025-01-23T11:20:40.044Z] > command requires scopes: ["email","openid","https://www.googleapis.com/auth/cloudplatformprojects.readonly","https://www.googleapis.com/auth/firebase","https://www.googleapis.com/auth/cloud-platform"]
[debug] [2025-01-23T11:20:40.045Z] > authorizing via signed-in user (pintoneokelo18@gmail.com)
[debug] [2025-01-23T11:20:40.045Z] [iam] checking project movie-web-fad2c for permissions ["firebase.projects.get"]
[debug] [2025-01-23T11:20:40.046Z] Checked if tokens are valid: true, expires at: 1737633684268
[debug] [2025-01-23T11:20:40.046Z] Checked if tokens are valid: true, expires at: 1737633684268
[debug] [2025-01-23T11:20:40.047Z] >>> [apiv2][query] POST https://cloudresourcemanager.googleapis.com/v1/projects/movie-web-fad2c:testIamPermissions [none]
[debug] [2025-01-23T11:20:40.047Z] >>> [apiv2][(partial)header] POST https://cloudresourcemanager.googleapis.com/v1/projects/movie-web-fad2c:testIamPermissions x-goog-quota-user=projects/movie-web-fad2c
[debug] [2025-01-23T11:20:40.047Z] >>> [apiv2][body] POST https://cloudresourcemanager.googleapis.com/v1/projects/movie-web-fad2c:testIamPermissions {"permissions":["firebase.projects.get"]}
[debug] [2025-01-23T11:20:41.867Z] <<< [apiv2][status] POST https://cloudresourcemanager.googleapis.com/v1/projects/movie-web-fad2c:testIamPermissions 200
[debug] [2025-01-23T11:20:41.867Z] <<< [apiv2][body] POST https://cloudresourcemanager.googleapis.com/v1/projects/movie-web-fad2c:testIamPermissions {"permissions":["firebase.projects.get"]}
[debug] [2025-01-23T11:20:41.868Z] Checked if tokens are valid: true, expires at: 1737633684268
[debug] [2025-01-23T11:20:41.869Z] Checked if tokens are valid: true, expires at: 1737633684268
[debug] [2025-01-23T11:20:41.869Z] Checked if tokens are valid: true, expires at: 1737633684268
[debug] [2025-01-23T11:20:41.869Z] Checked if tokens are valid: true, expires at: 1737633684268
[debug] [2025-01-23T11:20:41.870Z] >>> [apiv2][query] GET https://serviceusage.googleapis.com/v1/projects/movie-web-fad2c/services/cloudfunctions.googleapis.com [none]
[debug] [2025-01-23T11:20:41.870Z] >>> [apiv2][(partial)header] GET https://serviceusage.googleapis.com/v1/projects/movie-web-fad2c/services/cloudfunctions.googleapis.com x-goog-quota-user=projects/movie-web-fad2c
[debug] [2025-01-23T11:20:41.880Z] >>> [apiv2][query] GET https://serviceusage.googleapis.com/v1/projects/movie-web-fad2c/services/runtimeconfig.googleapis.com [none]
[debug] [2025-01-23T11:20:41.880Z] >>> [apiv2][(partial)header] GET https://serviceusage.googleapis.com/v1/projects/movie-web-fad2c/services/runtimeconfig.googleapis.com x-goog-quota-user=projects/movie-web-fad2c
[debug] [2025-01-23T11:20:43.717Z] <<< [apiv2][status] GET https://serviceusage.googleapis.com/v1/projects/movie-web-fad2c/services/runtimeconfig.googleapis.com 200
[debug] [2025-01-23T11:20:43.717Z] <<< [apiv2][body] GET https://serviceusage.googleapis.com/v1/projects/movie-web-fad2c/services/runtimeconfig.googleapis.com [omitted]
[debug] [2025-01-23T11:20:43.726Z] <<< [apiv2][status] GET https://serviceusage.googleapis.com/v1/projects/movie-web-fad2c/services/cloudfunctions.googleapis.com 200
[debug] [2025-01-23T11:20:43.726Z] <<< [apiv2][body] GET https://serviceusage.googleapis.com/v1/projects/movie-web-fad2c/services/cloudfunctions.googleapis.com [omitted]
[debug] [2025-01-23T11:20:43.729Z] Checked if tokens are valid: true, expires at: 1737633684268
[debug] [2025-01-23T11:20:43.729Z] Checked if tokens are valid: true, expires at: 1737633684268
[debug] [2025-01-23T11:20:43.730Z] >>> [apiv2][query] POST https://serviceusage.googleapis.com/v1/projects/movie-web-fad2c/services/cloudfunctions.googleapis.com:enable [none]
[debug] [2025-01-23T11:20:43.730Z] >>> [apiv2][(partial)header] POST https://serviceusage.googleapis.com/v1/projects/movie-web-fad2c/services/cloudfunctions.googleapis.com:enable x-goog-quota-user=projects/movie-web-fad2c
[debug] [2025-01-23T11:20:45.970Z] <<< [apiv2][status] POST https://serviceusage.googleapis.com/v1/projects/movie-web-fad2c/services/cloudfunctions.googleapis.com:enable 200
[debug] [2025-01-23T11:20:45.970Z] <<< [apiv2][body] POST https://serviceusage.googleapis.com/v1/projects/movie-web-fad2c/services/cloudfunctions.googleapis.com:enable [omitted]
[debug] [2025-01-23T11:20:55.977Z] Checked if tokens are valid: true, expires at: 1737633684268
[debug] [2025-01-23T11:20:55.978Z] Checked if tokens are valid: true, expires at: 1737633684268
[debug] [2025-01-23T11:20:55.978Z] >>> [apiv2][query] GET https://serviceusage.googleapis.com/v1/projects/movie-web-fad2c/services/cloudfunctions.googleapis.com [none]
[debug] [2025-01-23T11:20:55.979Z] >>> [apiv2][(partial)header] GET https://serviceusage.googleapis.com/v1/projects/movie-web-fad2c/services/cloudfunctions.googleapis.com x-goog-quota-user=projects/movie-web-fad2c
[debug] [2025-01-23T11:20:57.851Z] <<< [apiv2][status] GET https://serviceusage.googleapis.com/v1/projects/movie-web-fad2c/services/cloudfunctions.googleapis.com 200
[debug] [2025-01-23T11:20:57.852Z] <<< [apiv2][body] GET https://serviceusage.googleapis.com/v1/projects/movie-web-fad2c/services/cloudfunctions.googleapis.com [omitted]
[info] Let's create a new codebase for your functions.
[info] A directory corresponding to the codebase will be created in your project
[info] with sample code pre-configured.

[info] See https://firebase.google.com/docs/functions/organize-functions for
[info] more information on organizing your functions using codebases.

[info] Functions can be deployed with firebase deploy.

[info] ✔  Wrote functions/package.json 
[info] ✔  Wrote functions/.eslintrc.js 
[info] ✔  Wrote functions/index.js 
[info] ✔  Wrote functions/.gitignore 
[info] 
=== Apphosting Setup
[debug] [2025-01-23T11:23:50.964Z] Checked if tokens are valid: true, expires at: 1737633684268
[debug] [2025-01-23T11:23:50.965Z] Checked if tokens are valid: true, expires at: 1737633684268
[debug] [2025-01-23T11:23:50.965Z] >>> [apiv2][query] GET https://cloudbilling.googleapis.com/v1/projects/movie-web-fad2c/billingInfo [none]
[debug] [2025-01-23T11:23:52.355Z] <<< [apiv2][status] GET https://cloudbilling.googleapis.com/v1/projects/movie-web-fad2c/billingInfo 200
[debug] [2025-01-23T11:23:52.355Z] <<< [apiv2][body] GET https://cloudbilling.googleapis.com/v1/projects/movie-web-fad2c/billingInfo {"name":"projects/movie-web-fad2c/billingInfo","projectId":"movie-web-fad2c","billingAccountName":"","billingEnabled":false}
[info] i  Writing default settings to apphosting.yaml... 
[info] ✔  Wrote apphosting.yaml 
[info] ✔  Create a new App Hosting backend with `firebase apphosting:backends:create` 
[info] 
=== Hosting Setup
[debug] [2025-01-23T11:23:52.363Z] Checked if tokens are valid: true, expires at: 1737633684268
[debug] [2025-01-23T11:23:52.364Z] Checked if tokens are valid: true, expires at: 1737633684268
[debug] [2025-01-23T11:23:52.365Z] >>> [apiv2][query] GET https://firebase.googleapis.com/v1beta1/projects/movie-web-fad2c [none]
[debug] [2025-01-23T11:23:53.269Z] <<< [apiv2][status] GET https://firebase.googleapis.com/v1beta1/projects/movie-web-fad2c 200
[debug] [2025-01-23T11:23:53.269Z] <<< [apiv2][body] GET https://firebase.googleapis.com/v1beta1/projects/movie-web-fad2c {"projectId":"movie-web-fad2c","projectNumber":"1067580757419","displayName":"Movie web","name":"projects/movie-web-fad2c","resources":{"hostingSite":"movie-web-fad2c"},"state":"ACTIVE","etag":"1_bbd91317-2544-47a6-8f84-909c8641f846"}
[info] 
[info] Your public directory is the folder (relative to your project directory) that
[info] will contain Hosting assets to be uploaded with firebase deploy. If you
[info] have a build process for your assets, use your build's output directory.
[info] 
[debug] [2025-01-23T11:24:54.814Z] >>> [apiv2][query] GET https://www.gstatic.com/firebasejs/releases.json [none]
[debug] [2025-01-23T11:24:55.634Z] <<< [apiv2][status] GET https://www.gstatic.com/firebasejs/releases.json 200
[debug] [2025-01-23T11:24:55.635Z] <<< [apiv2][body] GET https://www.gstatic.com/firebasejs/releases.json {"current":{"version":"11.2.0","browserURL":"https://www.gstatic.com/firebasejs/11.2.0/firebase.js","packageURL":"https://www.gstatic.com/firebasejs/11.2.0/firebase.tgz"},"live":{"version":"11.2","browserURL":"https://www.gstatic.com/firebasejs/live/11.2/firebase.js","packageURL":"https://www.gstatic.com/firebasejs/live/11.2/firebase.tgz"},"components":{"analytics":"https://www.gstatic.com/firebasejs/11.2.0/firebase-analytics.js","app":"https://www.gstatic.com/firebasejs/11.2.0/firebase-app.js","app-check":"https://www.gstatic.com/firebasejs/11.2.0/firebase-app-check.js","auth":"https://www.gstatic.com/firebasejs/11.2.0/firebase-auth.js","auth/cordova":"https://www.gstatic.com/firebasejs/11.2.0/firebase-auth/cordova.js","auth/web-extension":"https://www.gstatic.com/firebasejs/11.2.0/firebase-auth/web-extension.js","functions":"https://www.gstatic.com/firebasejs/11.2.0/firebase-functions.js","firestore":"https://www.gstatic.com/firebasejs/11.2.0/firebase-firestore.js","firestore/lite":"https://www.gstatic.com/firebasejs/11.2.0/firebase-firestore/lite.js","installations":"https://www.gstatic.com/firebasejs/11.2.0/firebase-installations.js","storage":"https://www.gstatic.com/firebasejs/11.2.0/firebase-storage.js","performance":"https://www.gstatic.com/firebasejs/11.2.0/firebase-performance.js","remote-config":"https://www.gstatic.com/firebasejs/11.2.0/firebase-remote-config.js","messaging":"https://www.gstatic.com/firebasejs/11.2.0/firebase-messaging.js","messaging/sw":"https://www.gstatic.com/firebasejs/11.2.0/firebase-messaging/sw.js","database":"https://www.gstatic.com/firebasejs/11.2.0/firebase-database.js","vertexai":"https://www.gstatic.com/firebasejs/11.2.0/firebase-vertexai.js","data-connect":"https://www.gstatic.com/firebasejs/11.2.0/firebase-data-connect.js","firestore.memory":"https://www.gstatic.com/firebasejs/11.2.0/firebase-firestore.memory.js"}}
[info] ✔  Wrote dist/index.html 
[info] 
[info] i  Didn't detect a .git folder. Assuming /home/pintone/mydocs/Youtube clone is the project root. 
[info] i  Authorizing with GitHub to upload your service account to a GitHub repository's secrets store. 
[info] 
[info] Visit this URL on this device to log in:
[info] https://github.com/login/oauth/authorize?client_id=89cf50f02ac6aaed3484&state=1028831102&redirect_uri=http%3A%2F%2Flocalhost%3A9005&scope=read%3Auser%20repo%20public_repo
[info] 
[info] Waiting for authentication...
[debug] [2025-01-23T11:27:23.036Z] >>> [apiv2][query] POST https://github.com/login/oauth/access_token [none]
[debug] [2025-01-23T11:27:23.037Z] >>> [apiv2][body] POST https://github.com/login/oauth/access_token [stream]
[debug] [2025-01-23T11:27:23.817Z] <<< [apiv2][status] POST https://github.com/login/oauth/access_token 200
[debug] [2025-01-23T11:27:23.819Z] <<< [apiv2][body] POST https://github.com/login/oauth/access_token {"access_token":"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","token_type":"bearer","scope":"read:user,repo"}
[debug] [2025-01-23T11:27:23.836Z] >>> [apiv2][query] GET https://api.github.com/user [none]
[debug] [2025-01-23T11:27:24.647Z] <<< [apiv2][status] GET https://api.github.com/user 200
[debug] [2025-01-23T11:27:24.648Z] <<< [apiv2][body] GET https://api.github.com/user {"login":"Pincez","id":143368242,"node_id":"U_kgDOCIugMg","avatar_url":"https://avatars.githubusercontent.com/u/143368242?v=4","gravatar_id":"","url":"https://api.github.com/users/Pincez","html_url":"https://github.com/Pincez","followers_url":"https://api.github.com/users/Pincez/followers","following_url":"https://api.github.com/users/Pincez/following{/other_user}","gists_url":"https://api.github.com/users/Pincez/gists{/gist_id}","starred_url":"https://api.github.com/users/Pincez/starred{/owner}{/repo}","subscriptions_url":"https://api.github.com/users/Pincez/subscriptions","organizations_url":"https://api.github.com/users/Pincez/orgs","repos_url":"https://api.github.com/users/Pincez/repos","events_url":"https://api.github.com/users/Pincez/events{/privacy}","received_events_url":"https://api.github.com/users/Pincez/received_events","type":"User","user_view_type":"private","site_admin":false,"name":null,"company":null,"blog":"","location":null,"email":null,"hireable":null,"bio":null,"twitter_username":null,"notification_email":null,"public_repos":4,"public_gists":0,"followers":0,"following":0,"created_at":"2023-08-28T02:12:28Z","updated_at":"2025-01-11T13:44:34Z","private_gists":0,"total_private_repos":0,"owned_private_repos":0,"disk_usage":8920,"collaborators":0,"two_factor_authentication":false,"plan":{"name":"free","space":976562499,"collaborators":0,"private_repos":10000}}
[info] 
[info] ✔  Success! Logged into GitHub as Pincez 
[info] 
